<?xml version="1.0" encoding="UTF-8"?>
<!-- Generated by org.testng.reporters.JUnitReportReporter -->
<testsuite skipped="0" hostname="DESKTOP-54G2RRG" name="org.example.test.ApiTest" tests="1" failures="0" timestamp="2021-08-11T14:02:45 ICT" time="0.005" errors="0">
  <testcase name="test" time="0.005" classname="org.example.test.ApiTest"/>
  <system-out/>
</testsuite> <!-- org.example.test.ApiTest -->
