<?xml version="1.0" encoding="UTF-8"?>
<!-- Generated by org.testng.reporters.JUnitReportReporter -->
<testsuite skipped="0" hostname="DESKTOP-54G2RRG" name="org.example.plugin.test.PluginTest" tests="1" failures="0" timestamp="2021-08-11T14:02:42 ICT" time="0.004" errors="0">
  <testcase name="test" time="0.004" classname="org.example.plugin.test.PluginTest"/>
  <system-out/>
</testsuite> <!-- org.example.plugin.test.PluginTest -->
