<?xml version="1.0" encoding="UTF-8"?>
<!-- Generated by org.testng.reporters.JUnitReportReporter -->
<testsuite skipped="0" hostname="DESKTOP-54G2RRG" name="org.example.common.test.CommonTest" tests="1" failures="0" timestamp="2021-08-11T14:02:39 ICT" time="0.006" errors="0">
  <testcase name="test" time="0.006" classname="org.example.common.test.CommonTest"/>
  <system-out/>
</testsuite> <!-- org.example.common.test.CommonTest -->
